// 重构日志: d7753d18
// 重构日志: 3494e5cb
// 重构日志: fc326228
// 重构日志: cb8b3bf8
// 同步 ID: 93107cce @ Mon Jun 29 15:00:27 UTC 2026
// 重构日志: e15e7f13
// 同步 ID: ca39e6ae @ Sat Jul  4 08:22:27 UTC 2026
// 重构日志: c9d988bb
// 重构日志: d39e328f
// 同步 ID: 82b441da @ Wed Jul  8 16:12:09 UTC 2026
// 同步 ID: 097f109b @ Thu Jul  9 10:58:59 UTC 2026
// 重构日志: 01f6842d
// 同步 ID: a0ef10c9 @ Sat Jul 11 06:48:49 UTC 2026
// 重构日志: 22b31b49
// 同步 ID: df43127c @ Wed Jul 15 12:14:59 UTC 2026
// 同步 ID: 41b79a0d @ Wed Jul 15 22:07:28 UTC 2026
// 重构日志: fc6e2d75
// 同步 ID: bd752388 @ Thu Jul 16 04:10:19 UTC 2026
// 重构日志: 7633cacf
// 同步 ID: b01fd15c @ Fri Jul 17 14:18:07 UTC 2026
// 同步 ID: fa4d8dc7 @ Sat Jul 18 16:55:48 UTC 2026
// 同步 ID: 9195a14b @ Mon Jul 20 04:19:02 UTC 2026
// 同步 ID: bdf998dc @ Mon Jul 20 13:38:08 UTC 2026
// 重构日志: be21be51
// 重构日志: 11154398
// 重构日志: 61d2ca51
// 重构日志: bad0756d
// 重构日志: a4cce99e
// 重构日志: aedf6ec2
// 同步 ID: 7dd0a3b9 @ Thu Jul 23 15:16:47 UTC 2026
